d:\workspace\c++\algorithm\x64\debug\vc142.pdb
d:\workspace\c++\algorithm\x64\debug\vc142.idb
c:\users\limhy\workspace\c++\algorithm\x64\debug\vc142.pdb
c:\users\limhy\workspace\c++\algorithm\x64\debug\vc142.idb
c:\users\limhy\workspace\c++\algorithm\x64\debug\greedy1.obj
c:\users\limhy\workspace\c++\algorithm\x64\debug\2839 설탕배달.obj
c:\users\limhy\workspace\c++\algorithm\x64\debug\11399 atm.obj
c:\users\limhy\workspace\c++\algorithm\x64\debug\11047 동전0.obj
c:\users\limhy\workspace\c++\algorithm\x64\debug\1931 회의실배정.obj
c:\users\limhy\workspace\c++\algorithm\x64\debug\1197 최소스패닝트리.obj
d:\workspace\c++\algorithm\x64\debug\1197 최소스패닝트리.obj
d:\workspace\c++\algorithm\x64\debug\1011 flymetothealphacentauri.obj
c:\users\limhy\workspace\c++\algorithm\x64\debug\algorithm.exe
c:\users\limhy\workspace\c++\algorithm\x64\debug\algorithm.ilk
c:\users\limhy\workspace\c++\algorithm\x64\debug\algorithm.pdb
d:\workspace\c++\algorithm\x64\debug\1110더하기사이클.obj
d:\workspace\c++\algorithm\x64\debug\editor.obj
d:\workspace\c++\algorithm\x64\debug\forward_list.obj
d:\workspace\c++\algorithm\x64\debug\단지번호붙이기.obj
d:\workspace\c++\algorithm\x64\debug\바이러스.obj
d:\workspace\c++\algorithm\x64\debug\유기농배추.obj
d:\workspace\c++\algorithm\x64\debug\토마토.obj
d:\workspace\c++\algorithm\x64\debug\algorithm.ilk
d:\workspace\c++\algorithm\x64\debug\algorithm.pdb
d:\workspace\c++\algorithm\x64\debug\algorithm.tlog\cl.command.1.tlog
d:\workspace\c++\algorithm\x64\debug\algorithm.tlog\cl.read.1.tlog
d:\workspace\c++\algorithm\x64\debug\algorithm.tlog\cl.write.1.tlog
d:\workspace\c++\algorithm\x64\debug\algorithm.tlog\link.command.1.tlog
d:\workspace\c++\algorithm\x64\debug\algorithm.tlog\link.delete.1.tlog
d:\workspace\c++\algorithm\x64\debug\algorithm.tlog\link.read.1.tlog
d:\workspace\c++\algorithm\x64\debug\algorithm.tlog\link.write.1.tlog
